Loading Time                            0.198000 secs
Kd-tree Cunstruction Time               0.016000 secs
Caustics Photon Tracing Time            0.001000 secs
  Stored Caustics Photons(Vol.0)        0 photons
Caustics Photon Radius Computation Time 0.000000 secs
Volume Photon Tracing Time              0.001000 secs
  Stored Volume Photons(Vol.0)          0 photons
Volume Photon Radius Computation Time   0.000000 secs
Rendering Time                          1.281000 secs
Loading Time                            0.105000 secs
Kd-tree Cunstruction Time               0.015000 secs
Caustics Photon Tracing Time            0.000000 secs
  Stored Caustics Photons(Vol.0)        0 photons
Caustics Photon Radius Computation Time 0.000000 secs
Volume Photon Tracing Time              0.001000 secs
  Stored Volume Photons(Vol.0)          0 photons
Volume Photon Radius Computation Time   0.000000 secs
Rendering Time                          1.977000 secs
Loading Time                            0.484000 secs
Kd-tree Cunstruction Time               0.078000 secs
Caustics Photon Tracing Time            0.016000 secs
  Stored Caustics Photons(Vol.0)        0 photons
Caustics Photon Radius Computation Time 0.000000 secs
Volume Photon Tracing Time              0.000000 secs
  Stored Volume Photons(Vol.0)          0 photons
Volume Photon Radius Computation Time   0.000000 secs
Rendering Time                          13.234000 secs
Loading Time                            0.375000 secs
Kd-tree Cunstruction Time               0.078000 secs
Caustics Photon Tracing Time            0.000000 secs
  Stored Caustics Photons(Vol.0)        0 photons
Caustics Photon Radius Computation Time 0.000000 secs
Volume Photon Tracing Time              0.000000 secs
  Stored Volume Photons(Vol.0)          0 photons
Volume Photon Radius Computation Time   0.000000 secs
Rendering Time                          18.344000 secs
Kd-tree Cunstruction Time               0.000000 secs
Caustics Photon Tracing Time            0.000000 secs
  Stored Caustics Photons(Vol.0)        0 photons
Caustics Photon Radius Computation Time 0.000000 secs
Volume Photon Tracing Time              0.000000 secs
  Stored Volume Photons(Vol.0)          0 photons
Volume Photon Radius Computation Time   0.000000 secs
Rendering Time                          22.843000 secs
Loading Time                            0.375000 secs
Kd-tree Cunstruction Time               0.078000 secs
Caustics Photon Tracing Time            0.000000 secs
  Stored Caustics Photons(Vol.0)        0 photons
Caustics Photon Radius Computation Time 0.000000 secs
Volume Photon Tracing Time              0.000000 secs
  Stored Volume Photons(Vol.0)          0 photons
Volume Photon Radius Computation Time   0.000000 secs
Rendering Time                          17.719000 secs
Kd-tree Cunstruction Time               0.000000 secs
Caustics Photon Tracing Time            0.000000 secs
  Stored Caustics Photons(Vol.0)        0 photons
Caustics Photon Radius Computation Time 0.000000 secs
Volume Photon Tracing Time              0.000000 secs
  Stored Volume Photons(Vol.0)          0 photons
Volume Photon Radius Computation Time   0.000000 secs
Rendering Time                          17.547000 secs
