Loading Time                            0.122000 secs
Kd-tree Cunstruction Time               0.065000 secs
Caustics Photon Tracing Time            0.001000 secs
  Stored Caustics Photons(Vol.0)        0 photons
Caustics Photon Radius Computation Time 0.000000 secs
Volume Photon Tracing Time              0.000000 secs
  Stored Volume Photons(Vol.0)          0 photons
Volume Photon Radius Computation Time   0.000000 secs
Rendering Time                          1.079000 secs
Loading Time                            0.136000 secs
Kd-tree Cunstruction Time               0.066000 secs
Caustics Photon Tracing Time            0.000000 secs
  Stored Caustics Photons(Vol.0)        0 photons
Caustics Photon Radius Computation Time 0.000000 secs
Volume Photon Tracing Time              0.000000 secs
  Stored Volume Photons(Vol.0)          0 photons
Volume Photon Radius Computation Time   0.000000 secs
Rendering Time                          1.076000 secs
Kd-tree Cunstruction Time               0.000000 secs
Caustics Photon Tracing Time            0.001000 secs
  Stored Caustics Photons(Vol.0)        0 photons
Caustics Photon Radius Computation Time 0.000000 secs
Volume Photon Tracing Time              0.001000 secs
  Stored Volume Photons(Vol.0)          0 photons
Volume Photon Radius Computation Time   0.000000 secs
Rendering Time                          1.306000 secs
Loading Time                            0.142000 secs
Kd-tree Cunstruction Time               0.068000 secs
Caustics Photon Tracing Time            0.000000 secs
  Stored Caustics Photons(Vol.0)        0 photons
Caustics Photon Radius Computation Time 0.000000 secs
Volume Photon Tracing Time              0.000000 secs
  Stored Volume Photons(Vol.0)          0 photons
Volume Photon Radius Computation Time   0.000000 secs
Rendering Time                          1.332000 secs
Loading Time                            0.124000 secs
Kd-tree Cunstruction Time               0.065000 secs
Caustics Photon Tracing Time            0.000000 secs
  Stored Caustics Photons(Vol.0)        0 photons
Caustics Photon Radius Computation Time 0.000000 secs
Volume Photon Tracing Time              0.000000 secs
  Stored Volume Photons(Vol.0)          0 photons
Volume Photon Radius Computation Time   0.000000 secs
Rendering Time                          1.266000 secs
Loading Time                            0.122000 secs
Kd-tree Cunstruction Time               0.065000 secs
Caustics Photon Tracing Time            0.001000 secs
  Stored Caustics Photons(Vol.0)        0 photons
Caustics Photon Radius Computation Time 0.000000 secs
Volume Photon Tracing Time              0.000000 secs
  Stored Volume Photons(Vol.0)          0 photons
Volume Photon Radius Computation Time   0.000000 secs
Rendering Time                          1.270000 secs
Loading Time                            0.269000 secs
Kd-tree Cunstruction Time               0.067000 secs
Caustics Photon Tracing Time            0.044000 secs
  Stored Caustics Photons(Vol.0)        0 photons
Caustics Photon Radius Computation Time 0.000000 secs
Volume Photon Tracing Time              0.001000 secs
  Stored Volume Photons(Vol.0)          0 photons
Volume Photon Radius Computation Time   0.000000 secs
Rendering Time                          1.293000 secs
Loading Time                            0.120000 secs
Kd-tree Cunstruction Time               0.066000 secs
Caustics Photon Tracing Time            0.000000 secs
  Stored Caustics Photons(Vol.0)        0 photons
Caustics Photon Radius Computation Time 0.000000 secs
Volume Photon Tracing Time              0.000000 secs
  Stored Volume Photons(Vol.0)          0 photons
Volume Photon Radius Computation Time   0.000000 secs
Rendering Time                          1.118000 secs
Kd-tree Cunstruction Time               0.000000 secs
Caustics Photon Tracing Time            0.001000 secs
  Stored Caustics Photons(Vol.0)        0 photons
Caustics Photon Radius Computation Time 0.000000 secs
Volume Photon Tracing Time              0.000000 secs
  Stored Volume Photons(Vol.0)          0 photons
Volume Photon Radius Computation Time   0.000000 secs
Rendering Time                          1.312000 secs
Kd-tree Cunstruction Time               0.000000 secs
Caustics Photon Tracing Time            0.000000 secs
  Stored Caustics Photons(Vol.0)        0 photons
Caustics Photon Radius Computation Time 0.000000 secs
Volume Photon Tracing Time              0.001000 secs
  Stored Volume Photons(Vol.0)          0 photons
Volume Photon Radius Computation Time   0.000000 secs
Rendering Time                          1.286000 secs
Loading Time                            0.172000 secs
Kd-tree Cunstruction Time               0.078000 secs
Caustics Photon Tracing Time            0.000000 secs
  Stored Caustics Photons(Vol.0)        0 photons
Caustics Photon Radius Computation Time 0.000000 secs
Volume Photon Tracing Time              0.000000 secs
  Stored Volume Photons(Vol.0)          0 photons
Volume Photon Radius Computation Time   0.000000 secs
Rendering Time                          0.531000 secs
Loading Time                            0.125000 secs
Kd-tree Cunstruction Time               0.078000 secs
Caustics Photon Tracing Time            0.000000 secs
  Stored Caustics Photons(Vol.0)        0 photons
Caustics Photon Radius Computation Time 0.000000 secs
Volume Photon Tracing Time              0.000000 secs
  Stored Volume Photons(Vol.0)          0 photons
Volume Photon Radius Computation Time   0.000000 secs
Rendering Time                          0.500000 secs
Loading Time                            0.125000 secs
Kd-tree Cunstruction Time               0.078000 secs
Caustics Photon Tracing Time            0.000000 secs
  Stored Caustics Photons(Vol.0)        0 photons
Caustics Photon Radius Computation Time 0.000000 secs
Volume Photon Tracing Time              0.000000 secs
  Stored Volume Photons(Vol.0)          0 photons
Volume Photon Radius Computation Time   0.000000 secs
Rendering Time                          20.715000 secs
Loading Time                            0.562000 secs
Kd-tree Cunstruction Time               0.400000 secs
Caustics Photon Tracing Time            0.000000 secs
  Stored Caustics Photons(Vol.0)        0 photons
Caustics Photon Radius Computation Time 0.000000 secs
Volume Photon Tracing Time              0.000000 secs
  Stored Volume Photons(Vol.0)          0 photons
Volume Photon Radius Computation Time   0.000000 secs
Rendering Time                          12.888000 secs
Kd-tree Cunstruction Time               0.000000 secs
Caustics Photon Tracing Time            0.000000 secs
  Stored Caustics Photons(Vol.0)        0 photons
Caustics Photon Radius Computation Time 0.000000 secs
Volume Photon Tracing Time              0.000000 secs
  Stored Volume Photons(Vol.0)          0 photons
Volume Photon Radius Computation Time   0.000000 secs
Rendering Time                          11.073000 secs
Loading Time                            0.638000 secs
Kd-tree Cunstruction Time               0.414000 secs
Caustics Photon Tracing Time            0.000000 secs
  Stored Caustics Photons(Vol.0)        0 photons
Caustics Photon Radius Computation Time 0.000000 secs
Volume Photon Tracing Time              0.000000 secs
  Stored Volume Photons(Vol.0)          0 photons
Volume Photon Radius Computation Time   0.000000 secs
Rendering Time                          21.741000 secs
Loading Time                            0.639000 secs
Kd-tree Cunstruction Time               0.385000 secs
Caustics Photon Tracing Time            0.000000 secs
  Stored Caustics Photons(Vol.0)        0 photons
Caustics Photon Radius Computation Time 0.000000 secs
Volume Photon Tracing Time              0.000000 secs
  Stored Volume Photons(Vol.0)          0 photons
Volume Photon Radius Computation Time   0.000000 secs
Rendering Time                          29.301000 secs
Loading Time                            0.656000 secs
Kd-tree Cunstruction Time               0.420000 secs
Caustics Photon Tracing Time            0.020000 secs
  Stored Caustics Photons(Vol.0)        0 photons
Caustics Photon Radius Computation Time 0.000000 secs
Volume Photon Tracing Time              0.013000 secs
  Stored Volume Photons(Vol.0)          0 photons
Volume Photon Radius Computation Time   0.000000 secs
Rendering Time                          73.748000 secs
Loading Time                            0.364000 secs
Kd-tree Cunstruction Time               0.401000 secs
Caustics Photon Tracing Time            0.046000 secs
  Stored Caustics Photons(Vol.0)        0 photons
Caustics Photon Radius Computation Time 0.000000 secs
Volume Photon Tracing Time              0.000000 secs
  Stored Volume Photons(Vol.0)          0 photons
Volume Photon Radius Computation Time   0.000000 secs
Rendering Time                          76.741000 secs
Kd-tree Cunstruction Time               0.000000 secs
Caustics Photon Tracing Time            0.001000 secs
  Stored Caustics Photons(Vol.0)        0 photons
Caustics Photon Radius Computation Time 0.000000 secs
Volume Photon Tracing Time              0.000000 secs
  Stored Volume Photons(Vol.0)          0 photons
Volume Photon Radius Computation Time   0.000000 secs
Rendering Time                          75.342000 secs
Kd-tree Cunstruction Time               0.000000 secs
Caustics Photon Tracing Time            0.001000 secs
  Stored Caustics Photons(Vol.0)        0 photons
Caustics Photon Radius Computation Time 0.000000 secs
Volume Photon Tracing Time              0.000000 secs
  Stored Volume Photons(Vol.0)          0 photons
Volume Photon Radius Computation Time   0.000000 secs
Rendering Time                          72.820000 secs
Loading Time                            0.607000 secs
Kd-tree Cunstruction Time               0.386000 secs
Caustics Photon Tracing Time            0.000000 secs
  Stored Caustics Photons(Vol.0)        0 photons
Caustics Photon Radius Computation Time 0.000000 secs
Volume Photon Tracing Time              0.002000 secs
  Stored Volume Photons(Vol.0)          0 photons
Volume Photon Radius Computation Time   0.000000 secs
Rendering Time                          51.478000 secs
Loading Time                            0.596000 secs
Kd-tree Cunstruction Time               0.400000 secs
Caustics Photon Tracing Time            0.000000 secs
  Stored Caustics Photons(Vol.0)        0 photons
Caustics Photon Radius Computation Time 0.000000 secs
Volume Photon Tracing Time              0.000000 secs
  Stored Volume Photons(Vol.0)          0 photons
Volume Photon Radius Computation Time   0.000000 secs
Rendering Time                          59.710000 secs
Loading Time                            0.591000 secs
Kd-tree Cunstruction Time               0.381000 secs
Caustics Photon Tracing Time            0.000000 secs
  Stored Caustics Photons(Vol.0)        0 photons
Caustics Photon Radius Computation Time 0.000000 secs
Volume Photon Tracing Time              0.000000 secs
  Stored Volume Photons(Vol.0)          0 photons
Volume Photon Radius Computation Time   0.000000 secs
Rendering Time                          59.275000 secs
Loading Time                            0.604000 secs
Kd-tree Cunstruction Time               0.385000 secs
Caustics Photon Tracing Time            0.001000 secs
  Stored Caustics Photons(Vol.0)        0 photons
Caustics Photon Radius Computation Time 0.000000 secs
Volume Photon Tracing Time              0.000000 secs
  Stored Volume Photons(Vol.0)          0 photons
Volume Photon Radius Computation Time   0.000000 secs
Rendering Time                          54.714000 secs
