Loading Time                            0.110000 secs
Kd-tree Cunstruction Time               0.228000 secs
Caustics Photon Tracing Time            0.000000 secs
  Stored Caustics Photons(Vol.0)        0 photons
Caustics Photon Radius Computation Time 0.000000 secs
Volume Photon Tracing Time              0.000000 secs
  Stored Volume Photons(Vol.0)          0 photons
Volume Photon Radius Computation Time   0.000000 secs
Rendering Time                          20.290000 secs
Loading Time                            0.116000 secs
Kd-tree Cunstruction Time               0.216000 secs
Caustics Photon Tracing Time            0.000000 secs
  Stored Caustics Photons(Vol.0)        0 photons
Caustics Photon Radius Computation Time 0.000000 secs
Volume Photon Tracing Time              0.000000 secs
  Stored Volume Photons(Vol.0)          0 photons
Volume Photon Radius Computation Time   0.000000 secs
Rendering Time                          17.089000 secs
Loading Time                            0.232000 secs
Kd-tree Cunstruction Time               0.216000 secs
Caustics Photon Tracing Time            0.000000 secs
  Stored Caustics Photons(Vol.0)        0 photons
Caustics Photon Radius Computation Time 0.000000 secs
Volume Photon Tracing Time              0.000000 secs
  Stored Volume Photons(Vol.0)          0 photons
Volume Photon Radius Computation Time   0.000000 secs
Rendering Time                          0.633000 secs
Kd-tree Cunstruction Time               0.000000 secs
Caustics Photon Tracing Time            0.000000 secs
  Stored Caustics Photons(Vol.0)        0 photons
Caustics Photon Radius Computation Time 0.000000 secs
Volume Photon Tracing Time              0.000000 secs
  Stored Volume Photons(Vol.0)          0 photons
Volume Photon Radius Computation Time   0.000000 secs
Rendering Time                          17.727000 secs
